#! /opt/homebrew/Cellar/icarus-verilog/13.0/bin/vvp
:ivl_version "13.0 (stable)" "(v13_0)";
:ivl_delay_selection "TYPICAL";
:vpi_time_precision - 12;
:vpi_module "/opt/homebrew/Cellar/icarus-verilog/13.0/lib/ivl/system.vpi";
:vpi_module "/opt/homebrew/Cellar/icarus-verilog/13.0/lib/ivl/vhdl_sys.vpi";
:vpi_module "/opt/homebrew/Cellar/icarus-verilog/13.0/lib/ivl/vhdl_textio.vpi";
:vpi_module "/opt/homebrew/Cellar/icarus-verilog/13.0/lib/ivl/v2005_math.vpi";
:vpi_module "/opt/homebrew/Cellar/icarus-verilog/13.0/lib/ivl/va_math.vpi";
:vpi_module "/opt/homebrew/Cellar/icarus-verilog/13.0/lib/ivl/v2009.vpi";
S_0x104d77bf0 .scope package, "$unit" "$unit" 2 1;
 .timescale 0 0;
S_0x104d77d70 .scope module, "FIFO_tb" "FIFO_tb" 3 5;
 .timescale -9 -12;
v0xac3063de0_0 .var/i "i", 31 0;
v0xac3063e80_0 .var "rclk", 0 0;
v0xac3063f20_0 .net "rdata", 7 0, L_0x104d77ef0;  1 drivers
v0xac307c000_0 .net "rempty", 0 0, v0xac3061a40_0;  1 drivers
v0xac307c0a0_0 .var "rinc", 0 0;
v0xac307c140_0 .var "rrst_n", 0 0;
v0xac307c1e0_0 .var/i "seed", 31 0;
v0xac307c280_0 .var "wclk", 0 0;
v0xac307c320_0 .var "wdata", 7 0;
v0xac307c3c0_0 .net "wfull", 0 0, v0xac3062ee0_0;  1 drivers
v0xac307c460_0 .var "winc", 0 0;
v0xac307c500_0 .var "wrst_n", 0 0;
E_0xac2c00580 .event posedge, v0xac3061180_0;
S_0x104d7b860 .scope module, "as_fifo" "topmodule" 3 11, 4 98 0, S_0x104d77d70;
 .timescale 0 0;
    .port_info 0 /INPUT 1 "wclk";
    .port_info 1 /INPUT 1 "wrst_n";
    .port_info 2 /INPUT 1 "rclk";
    .port_info 3 /INPUT 1 "rrst_n";
    .port_info 4 /INPUT 1 "w_en";
    .port_info 5 /INPUT 1 "r_en";
    .port_info 6 /INPUT 8 "data_in";
    .port_info 7 /OUTPUT 8 "data_out";
    .port_info 8 /OUTPUT 1 "full";
    .port_info 9 /OUTPUT 1 "empty";
v0xac30633e0_0 .net "b_rptr", 3 0, v0xac3061900_0;  1 drivers
v0xac3063480_0 .net "b_wptr", 3 0, v0xac3062da0_0;  1 drivers
v0xac3063520_0 .net "data_in", 7 0, v0xac307c320_0;  1 drivers
v0xac30635c0_0 .net "data_out", 7 0, L_0x104d77ef0;  alias, 1 drivers
v0xac3063660_0 .net "empty", 0 0, v0xac3061a40_0;  alias, 1 drivers
v0xac3063700_0 .net "full", 0 0, v0xac3062ee0_0;  alias, 1 drivers
v0xac30637a0_0 .net "g_rptr", 3 0, v0xac3061ae0_0;  1 drivers
v0xac3063840_0 .net "g_rptr_sync", 3 0, v0xac3062120_0;  1 drivers
v0xac30638e0_0 .net "g_wptr", 3 0, v0xac3063020_0;  1 drivers
v0xac3063980_0 .net "g_wptr_sync", 3 0, v0xac3062440_0;  1 drivers
v0xac3063a20_0 .net "r_en", 0 0, v0xac307c0a0_0;  1 drivers
v0xac3063ac0_0 .net "rclk", 0 0, v0xac3063e80_0;  1 drivers
v0xac3063b60_0 .net "rrst_n", 0 0, v0xac307c140_0;  1 drivers
v0xac3063c00_0 .net "w_en", 0 0, v0xac307c460_0;  1 drivers
v0xac3063ca0_0 .net "wclk", 0 0, v0xac307c280_0;  1 drivers
v0xac3063d40_0 .net "wrst_n", 0 0, v0xac307c500_0;  1 drivers
S_0x104d74a50 .scope module, "readwrite" "read_write" 4 116, 4 83 0, S_0x104d7b860;
 .timescale 0 0;
    .port_info 0 /INPUT 1 "wclk";
    .port_info 1 /INPUT 1 "w_en";
    .port_info 2 /INPUT 1 "rclk";
    .port_info 3 /INPUT 1 "r_en";
    .port_info 4 /INPUT 4 "b_rptr";
    .port_info 5 /INPUT 4 "b_wptr";
    .port_info 6 /INPUT 8 "d_in";
    .port_info 7 /INPUT 1 "full";
    .port_info 8 /INPUT 1 "empty";
    .port_info 9 /OUTPUT 8 "d_out";
L_0x104d77ef0 .functor BUFZ 8, L_0xac2c5c5a0, C4<00000000>, C4<00000000>, C4<00000000>;
v0xac3060aa0_0 .net *"_ivl_0", 7 0, L_0xac2c5c5a0;  1 drivers
v0xac30603c0_0 .net *"_ivl_3", 2 0, L_0xac2c5c640;  1 drivers
v0xac3060460_0 .net *"_ivl_4", 4 0, L_0xac2c5c6e0;  1 drivers
L_0xac28541c0 .functor BUFT 1, C4<00>, C4<0>, C4<0>, C4<0>;
v0xac3060be0_0 .net *"_ivl_7", 1 0, L_0xac28541c0;  1 drivers
v0xac3060c80_0 .net "b_rptr", 3 0, v0xac3061900_0;  alias, 1 drivers
v0xac3060d20_0 .net "b_wptr", 3 0, v0xac3062da0_0;  alias, 1 drivers
v0xac3060dc0_0 .net "d_in", 7 0, v0xac307c320_0;  alias, 1 drivers
v0xac3060e60_0 .net "d_out", 7 0, L_0x104d77ef0;  alias, 1 drivers
v0xac3060f00_0 .net "empty", 0 0, v0xac3061a40_0;  alias, 1 drivers
v0xac3060fa0 .array "fifo", 7 0, 7 0;
v0xac3061040_0 .net "full", 0 0, v0xac3062ee0_0;  alias, 1 drivers
v0xac30610e0_0 .net "r_en", 0 0, v0xac307c0a0_0;  alias, 1 drivers
v0xac3061180_0 .net "rclk", 0 0, v0xac3063e80_0;  alias, 1 drivers
v0xac3061220_0 .net "w_en", 0 0, v0xac307c460_0;  alias, 1 drivers
v0xac30612c0_0 .net "wclk", 0 0, v0xac307c280_0;  alias, 1 drivers
E_0xac2c005c0 .event posedge, v0xac30612c0_0;
L_0xac2c5c5a0 .array/port v0xac3060fa0, L_0xac2c5c6e0;
L_0xac2c5c640 .part v0xac3061900_0, 0, 3;
L_0xac2c5c6e0 .concat [ 3 2 0 0], L_0xac2c5c640, L_0xac28541c0;
S_0x104d7b160 .scope module, "rptr" "read_pointer" 4 115, 4 55 0, S_0x104d7b860;
 .timescale 0 0;
    .port_info 0 /INPUT 1 "rclk";
    .port_info 1 /INPUT 1 "rrst_n";
    .port_info 2 /INPUT 1 "r_en";
    .port_info 3 /INPUT 4 "g_wptr_sync";
    .port_info 4 /OUTPUT 4 "g_rptr";
    .port_info 5 /OUTPUT 4 "b_rptr";
    .port_info 6 /OUTPUT 1 "empty";
L_0x104d7b460 .functor NOT 4, L_0xac2c5c280, C4<0000>, C4<0000>, C4<0000>;
L_0x104d74d10 .functor AND 4, L_0xac2c5c1e0, L_0x104d7b460, C4<1111>, C4<1111>;
L_0x104d7bb20 .functor XOR 4, L_0xac2c5c460, L_0xac2c5c320, C4<0000>, C4<0000>;
v0xac3061360_0 .net *"_ivl_0", 3 0, L_0xac2c5c1e0;  1 drivers
v0xac3061400_0 .net *"_ivl_10", 3 0, L_0x104d74d10;  1 drivers
v0xac30614a0_0 .net *"_ivl_14", 3 0, L_0xac2c5c460;  1 drivers
v0xac3061540_0 .net *"_ivl_16", 2 0, L_0xac2c5c3c0;  1 drivers
L_0xac2854178 .functor BUFT 1, C4<0>, C4<0>, C4<0>, C4<0>;
v0xac30615e0_0 .net *"_ivl_18", 0 0, L_0xac2854178;  1 drivers
L_0xac28540e8 .functor BUFT 1, C4<000>, C4<0>, C4<0>, C4<0>;
v0xac3061680_0 .net *"_ivl_3", 2 0, L_0xac28540e8;  1 drivers
v0xac3061720_0 .net *"_ivl_4", 3 0, L_0xac2c5c280;  1 drivers
L_0xac2854130 .functor BUFT 1, C4<000>, C4<0>, C4<0>, C4<0>;
v0xac30617c0_0 .net *"_ivl_7", 2 0, L_0xac2854130;  1 drivers
v0xac3061860_0 .net *"_ivl_8", 3 0, L_0x104d7b460;  1 drivers
v0xac3061900_0 .var "b_rptr", 3 0;
v0xac30619a0_0 .net "b_rptr_next", 3 0, L_0xac2c5c320;  1 drivers
v0xac3061a40_0 .var "empty", 0 0;
v0xac3061ae0_0 .var "g_rptr", 3 0;
v0xac3061b80_0 .net "g_rptr_next", 3 0, L_0x104d7bb20;  1 drivers
v0xac3061c20_0 .net "g_wptr_sync", 3 0, v0xac3062440_0;  alias, 1 drivers
v0xac3061cc0_0 .net "r_en", 0 0, v0xac307c0a0_0;  alias, 1 drivers
v0xac3061d60_0 .net "rclk", 0 0, v0xac3063e80_0;  alias, 1 drivers
v0xac3061e00_0 .net "rempty", 0 0, L_0xac2c5c500;  1 drivers
v0xac3061ea0_0 .net "rrst_n", 0 0, v0xac307c140_0;  alias, 1 drivers
E_0xac2c00640/0 .event negedge, v0xac3061ea0_0;
E_0xac2c00640/1 .event posedge, v0xac3061180_0;
E_0xac2c00640 .event/or E_0xac2c00640/0, E_0xac2c00640/1;
L_0xac2c5c1e0 .concat [ 1 3 0 0], v0xac307c0a0_0, L_0xac28540e8;
L_0xac2c5c280 .concat [ 1 3 0 0], v0xac3061a40_0, L_0xac2854130;
L_0xac2c5c320 .arith/sum 4, v0xac3061900_0, L_0x104d74d10;
L_0xac2c5c3c0 .part L_0xac2c5c320, 1, 3;
L_0xac2c5c460 .concat [ 3 1 0 0], L_0xac2c5c3c0, L_0xac2854178;
L_0xac2c5c500 .cmp/eq 4, v0xac3062440_0, L_0x104d7bb20;
S_0x104d7b2e0 .scope module, "sync_rptr" "synchronizer" 4 112, 4 3 0, S_0x104d7b860;
 .timescale 0 0;
    .port_info 0 /INPUT 1 "clk";
    .port_info 1 /INPUT 1 "nrst";
    .port_info 2 /INPUT 4 "ptr_in";
    .port_info 3 /OUTPUT 4 "ptr_sync";
v0xac3061f40_0 .net "clk", 0 0, v0xac307c280_0;  alias, 1 drivers
v0xac3061fe0_0 .net "nrst", 0 0, v0xac307c500_0;  alias, 1 drivers
v0xac3062080_0 .net "ptr_in", 3 0, v0xac3061ae0_0;  alias, 1 drivers
v0xac3062120_0 .var "ptr_sync", 3 0;
v0xac30621c0_0 .var "q1", 3 0;
E_0xac2c00600/0 .event negedge, v0xac3061fe0_0;
E_0xac2c00600/1 .event posedge, v0xac30612c0_0;
E_0xac2c00600 .event/or E_0xac2c00600/0, E_0xac2c00600/1;
S_0x104d7a440 .scope module, "sync_wptr" "synchronizer" 4 111, 4 3 0, S_0x104d7b860;
 .timescale 0 0;
    .port_info 0 /INPUT 1 "clk";
    .port_info 1 /INPUT 1 "nrst";
    .port_info 2 /INPUT 4 "ptr_in";
    .port_info 3 /OUTPUT 4 "ptr_sync";
v0xac3062260_0 .net "clk", 0 0, v0xac3063e80_0;  alias, 1 drivers
v0xac3062300_0 .net "nrst", 0 0, v0xac307c140_0;  alias, 1 drivers
v0xac30623a0_0 .net "ptr_in", 3 0, v0xac3063020_0;  alias, 1 drivers
v0xac3062440_0 .var "ptr_sync", 3 0;
v0xac30624e0_0 .var "q1", 3 0;
S_0x104d7a5c0 .scope module, "wptr" "write_ptr" 4 114, 4 26 0, S_0x104d7b860;
 .timescale 0 0;
    .port_info 0 /INPUT 1 "wclk";
    .port_info 1 /INPUT 1 "wrst_n";
    .port_info 2 /INPUT 1 "w_en";
    .port_info 3 /INPUT 4 "g_rptr_sync";
    .port_info 4 /OUTPUT 4 "b_wptr";
    .port_info 5 /OUTPUT 4 "g_wptr";
    .port_info 6 /OUTPUT 1 "full";
L_0x104d84220 .functor NOT 4, L_0x104d84180, C4<0000>, C4<0000>, C4<0000>;
L_0x104d82860 .functor AND 4, L_0x104d827c0, L_0x104d84220, C4<1111>, C4<1111>;
L_0x104d84070 .functor XOR 4, L_0x104d7c7b0, L_0x104d83fd0, C4<0000>, C4<0000>;
L_0x104d7a740 .functor NOT 2, L_0x104d7c850, C4<00>, C4<00>, C4<00>;
v0xac3062580_0 .net *"_ivl_0", 3 0, L_0x104d827c0;  1 drivers
v0xac3062620_0 .net *"_ivl_10", 3 0, L_0x104d82860;  1 drivers
v0xac30626c0_0 .net *"_ivl_14", 3 0, L_0x104d7c7b0;  1 drivers
v0xac3062760_0 .net *"_ivl_16", 2 0, L_0x104d86440;  1 drivers
L_0xac28540a0 .functor BUFT 1, C4<0>, C4<0>, C4<0>, C4<0>;
v0xac3062800_0 .net *"_ivl_18", 0 0, L_0xac28540a0;  1 drivers
v0xac30628a0_0 .net *"_ivl_23", 1 0, L_0x104d7c850;  1 drivers
v0xac3062940_0 .net *"_ivl_24", 1 0, L_0x104d7a740;  1 drivers
v0xac30629e0_0 .net *"_ivl_27", 1 0, L_0xac2c5c000;  1 drivers
v0xac3062a80_0 .net *"_ivl_28", 3 0, L_0xac2c5c0a0;  1 drivers
L_0xac2854010 .functor BUFT 1, C4<000>, C4<0>, C4<0>, C4<0>;
v0xac3062b20_0 .net *"_ivl_3", 2 0, L_0xac2854010;  1 drivers
v0xac3062bc0_0 .net *"_ivl_4", 3 0, L_0x104d84180;  1 drivers
L_0xac2854058 .functor BUFT 1, C4<000>, C4<0>, C4<0>, C4<0>;
v0xac3062c60_0 .net *"_ivl_7", 2 0, L_0xac2854058;  1 drivers
v0xac3062d00_0 .net *"_ivl_8", 3 0, L_0x104d84220;  1 drivers
v0xac3062da0_0 .var "b_wptr", 3 0;
v0xac3062e40_0 .net "b_wptr_next", 3 0, L_0x104d83fd0;  1 drivers
v0xac3062ee0_0 .var "full", 0 0;
v0xac3062f80_0 .net "g_rptr_sync", 3 0, v0xac3062120_0;  alias, 1 drivers
v0xac3063020_0 .var "g_wptr", 3 0;
v0xac30630c0_0 .net "g_wptr_next", 3 0, L_0x104d84070;  1 drivers
v0xac3063160_0 .net "w_en", 0 0, v0xac307c460_0;  alias, 1 drivers
v0xac3063200_0 .net "wclk", 0 0, v0xac307c280_0;  alias, 1 drivers
v0xac30632a0_0 .net "wfull", 0 0, L_0xac2c5c140;  1 drivers
v0xac3063340_0 .net "wrst_n", 0 0, v0xac307c500_0;  alias, 1 drivers
L_0x104d827c0 .concat [ 1 3 0 0], v0xac307c460_0, L_0xac2854010;
L_0x104d84180 .concat [ 1 3 0 0], v0xac3062ee0_0, L_0xac2854058;
L_0x104d83fd0 .arith/sum 4, v0xac3062da0_0, L_0x104d82860;
L_0x104d86440 .part L_0x104d83fd0, 1, 3;
L_0x104d7c7b0 .concat [ 3 1 0 0], L_0x104d86440, L_0xac28540a0;
L_0x104d7c850 .part v0xac3062120_0, 2, 2;
L_0xac2c5c000 .part v0xac3062120_0, 0, 2;
L_0xac2c5c0a0 .concat [ 2 2 0 0], L_0xac2c5c000, L_0x104d7a740;
L_0xac2c5c140 .cmp/eq 4, L_0x104d84070, L_0xac2c5c0a0;
    .scope S_0x104d7a440;
T_0 ;
    %wait E_0xac2c00640;
    %load/vec4 v0xac3062300_0;
    %nor/r;
    %flag_set/vec4 8;
    %jmp/0xz  T_0.0, 8;
    %pushi/vec4 0, 0, 4;
    %assign/vec4 v0xac30624e0_0, 0;
    %pushi/vec4 0, 0, 4;
    %assign/vec4 v0xac3062440_0, 0;
    %jmp T_0.1;
T_0.0 ;
    %load/vec4 v0xac30623a0_0;
    %assign/vec4 v0xac30624e0_0, 0;
    %load/vec4 v0xac30624e0_0;
    %assign/vec4 v0xac3062440_0, 0;
T_0.1 ;
    %jmp T_0;
    .thread T_0;
    .scope S_0x104d7b2e0;
T_1 ;
    %wait E_0xac2c00600;
    %load/vec4 v0xac3061fe0_0;
    %nor/r;
    %flag_set/vec4 8;
    %jmp/0xz  T_1.0, 8;
    %pushi/vec4 0, 0, 4;
    %assign/vec4 v0xac30621c0_0, 0;
    %pushi/vec4 0, 0, 4;
    %assign/vec4 v0xac3062120_0, 0;
    %jmp T_1.1;
T_1.0 ;
    %load/vec4 v0xac3062080_0;
    %assign/vec4 v0xac30621c0_0, 0;
    %load/vec4 v0xac30621c0_0;
    %assign/vec4 v0xac3062120_0, 0;
T_1.1 ;
    %jmp T_1;
    .thread T_1;
    .scope S_0x104d7a5c0;
T_2 ;
    %wait E_0xac2c00600;
    %load/vec4 v0xac3063340_0;
    %inv;
    %flag_set/vec4 8;
    %jmp/0xz  T_2.0, 8;
    %pushi/vec4 0, 0, 4;
    %assign/vec4 v0xac3062da0_0, 0;
    %pushi/vec4 0, 0, 4;
    %assign/vec4 v0xac3063020_0, 0;
    %pushi/vec4 0, 0, 1;
    %assign/vec4 v0xac3062ee0_0, 0;
    %jmp T_2.1;
T_2.0 ;
    %load/vec4 v0xac3062e40_0;
    %assign/vec4 v0xac3062da0_0, 0;
    %load/vec4 v0xac30630c0_0;
    %assign/vec4 v0xac3063020_0, 0;
    %load/vec4 v0xac30632a0_0;
    %assign/vec4 v0xac3062ee0_0, 0;
T_2.1 ;
    %jmp T_2;
    .thread T_2;
    .scope S_0x104d7b160;
T_3 ;
    %wait E_0xac2c00640;
    %load/vec4 v0xac3061ea0_0;
    %nor/r;
    %flag_set/vec4 8;
    %jmp/0xz  T_3.0, 8;
    %pushi/vec4 0, 0, 4;
    %assign/vec4 v0xac3061900_0, 0;
    %pushi/vec4 0, 0, 4;
    %assign/vec4 v0xac3061ae0_0, 0;
    %pushi/vec4 1, 0, 1;
    %assign/vec4 v0xac3061a40_0, 0;
    %jmp T_3.1;
T_3.0 ;
    %load/vec4 v0xac30619a0_0;
    %assign/vec4 v0xac3061900_0, 0;
    %load/vec4 v0xac3061b80_0;
    %assign/vec4 v0xac3061ae0_0, 0;
    %load/vec4 v0xac3061e00_0;
    %assign/vec4 v0xac3061a40_0, 0;
T_3.1 ;
    %jmp T_3;
    .thread T_3;
    .scope S_0x104d74a50;
T_4 ;
    %wait E_0xac2c005c0;
    %load/vec4 v0xac3061220_0;
    %load/vec4 v0xac3061040_0;
    %inv;
    %and;
    %flag_set/vec4 8;
    %jmp/0xz  T_4.0, 8;
    %load/vec4 v0xac3060dc0_0;
    %load/vec4 v0xac3060d20_0;
    %parti/s 3, 0, 2;
    %pad/u 5;
    %ix/vec4 3;
    %ix/load 4, 0, 0; Constant delay
    %assign/vec4/a/d v0xac3060fa0, 0, 4;
T_4.0 ;
    %jmp T_4;
    .thread T_4;
    .scope S_0x104d77d70;
T_5 ;
    %pushi/vec4 0, 0, 32;
    %store/vec4 v0xac3063de0_0, 0, 32;
    %pushi/vec4 1, 0, 32;
    %store/vec4 v0xac307c1e0_0, 0, 32;
    %end;
    .thread T_5, $init;
    .scope S_0x104d77d70;
T_6 ;
    %wait E_0xac2c005c0;
    %delay 1000, 0;
    %load/vec4 v0xac307c460_0;
    %flag_set/vec4 9;
    %flag_get/vec4 9;
    %jmp/0 T_6.2, 9;
    %load/vec4 v0xac307c3c0_0;
    %nor/r;
    %and;
T_6.2;
    %flag_set/vec4 8;
    %jmp/0xz  T_6.0, 8;
    %vpi_call/w 3 19 "$display", "[%0t] WRITE : data=%h", $time, v0xac307c320_0 {0 0 0};
T_6.0 ;
    %load/vec4 v0xac307c460_0;
    %flag_set/vec4 9;
    %flag_get/vec4 9;
    %jmp/0 T_6.5, 9;
    %load/vec4 v0xac307c3c0_0;
    %and;
T_6.5;
    %flag_set/vec4 8;
    %jmp/0xz  T_6.3, 8;
    %vpi_call/w 3 22 "$display", "[%0t] WRITE BLOCKED : FIFO FULL", $time {0 0 0};
T_6.3 ;
    %jmp T_6;
    .thread T_6;
    .scope S_0x104d77d70;
T_7 ;
    %wait E_0xac2c00580;
    %delay 1000, 0;
    %load/vec4 v0xac307c0a0_0;
    %flag_set/vec4 9;
    %flag_get/vec4 9;
    %jmp/0 T_7.2, 9;
    %load/vec4 v0xac307c000_0;
    %nor/r;
    %and;
T_7.2;
    %flag_set/vec4 8;
    %jmp/0xz  T_7.0, 8;
    %vpi_call/w 3 28 "$display", "[%0t] READ : data=%h", $time, v0xac3063f20_0 {0 0 0};
T_7.0 ;
    %load/vec4 v0xac307c0a0_0;
    %flag_set/vec4 9;
    %flag_get/vec4 9;
    %jmp/0 T_7.5, 9;
    %load/vec4 v0xac307c000_0;
    %and;
T_7.5;
    %flag_set/vec4 8;
    %jmp/0xz  T_7.3, 8;
    %vpi_call/w 3 31 "$display", "[%0t] READ BLOCKED : FIFO EMPTY", $time {0 0 0};
T_7.3 ;
    %jmp T_7;
    .thread T_7;
    .scope S_0x104d77d70;
T_8 ;
    %delay 5000, 0;
    %load/vec4 v0xac307c280_0;
    %inv;
    %store/vec4 v0xac307c280_0, 0, 1;
    %jmp T_8;
    .thread T_8;
    .scope S_0x104d77d70;
T_9 ;
    %delay 10000, 0;
    %load/vec4 v0xac3063e80_0;
    %inv;
    %store/vec4 v0xac3063e80_0, 0, 1;
    %jmp T_9;
    .thread T_9;
    .scope S_0x104d77d70;
T_10 ;
    %pushi/vec4 0, 0, 1;
    %store/vec4 v0xac307c280_0, 0, 1;
    %pushi/vec4 0, 0, 1;
    %store/vec4 v0xac3063e80_0, 0, 1;
    %pushi/vec4 1, 0, 1;
    %store/vec4 v0xac307c500_0, 0, 1;
    %pushi/vec4 1, 0, 1;
    %store/vec4 v0xac307c140_0, 0, 1;
    %pushi/vec4 0, 0, 1;
    %store/vec4 v0xac307c460_0, 0, 1;
    %pushi/vec4 0, 0, 1;
    %store/vec4 v0xac307c0a0_0, 0, 1;
    %pushi/vec4 0, 0, 8;
    %store/vec4 v0xac307c320_0, 0, 8;
    %delay 40000, 0;
    %pushi/vec4 0, 0, 1;
    %store/vec4 v0xac307c500_0, 0, 1;
    %pushi/vec4 0, 0, 1;
    %store/vec4 v0xac307c140_0, 0, 1;
    %delay 40000, 0;
    %pushi/vec4 1, 0, 1;
    %store/vec4 v0xac307c500_0, 0, 1;
    %pushi/vec4 1, 0, 1;
    %store/vec4 v0xac307c140_0, 0, 1;
    %pushi/vec4 1, 0, 1;
    %store/vec4 v0xac307c0a0_0, 0, 1;
    %pushi/vec4 0, 0, 32;
    %store/vec4 v0xac3063de0_0, 0, 32;
T_10.0 ; Top of for-loop
    %load/vec4 v0xac3063de0_0;
    %cmpi/s 10, 0, 32;
	  %jmp/0xz T_10.1, 5;
    %vpi_func 3 53 "$random" 32, v0xac307c1e0_0 {0 0 0};
    %pushi/vec4 256, 0, 32;
    %mod/s;
    %pad/s 8;
    %store/vec4 v0xac307c320_0, 0, 8;
    %pushi/vec4 1, 0, 1;
    %store/vec4 v0xac307c460_0, 0, 1;
    %delay 10000, 0;
    %pushi/vec4 0, 0, 1;
    %store/vec4 v0xac307c460_0, 0, 1;
    %delay 10000, 0;
T_10.2 ; for-loop step statement
    %load/vec4 v0xac3063de0_0;
    %addi 1, 0, 32;
    %store/vec4 v0xac3063de0_0, 0, 32;
    %jmp T_10.0;
T_10.1 ; for-loop exit label
    %pushi/vec4 0, 0, 1;
    %store/vec4 v0xac307c0a0_0, 0, 1;
    %pushi/vec4 1, 0, 1;
    %store/vec4 v0xac307c460_0, 0, 1;
    %pushi/vec4 0, 0, 32;
    %store/vec4 v0xac3063de0_0, 0, 32;
T_10.3 ; Top of for-loop
    %load/vec4 v0xac3063de0_0;
    %cmpi/s 11, 0, 32;
	  %jmp/0xz T_10.4, 5;
    %vpi_func 3 64 "$random" 32, v0xac307c1e0_0 {0 0 0};
    %pushi/vec4 256, 0, 32;
    %mod/s;
    %pad/s 8;
    %store/vec4 v0xac307c320_0, 0, 8;
    %delay 10000, 0;
T_10.5 ; for-loop step statement
    %load/vec4 v0xac3063de0_0;
    %addi 1, 0, 32;
    %store/vec4 v0xac3063de0_0, 0, 32;
    %jmp T_10.3;
T_10.4 ; for-loop exit label
    %pushi/vec4 0, 0, 1;
    %store/vec4 v0xac307c460_0, 0, 1;
    %pushi/vec4 1, 0, 1;
    %store/vec4 v0xac307c0a0_0, 0, 1;
    %pushi/vec4 0, 0, 32;
    %store/vec4 v0xac3063de0_0, 0, 32;
T_10.6 ; Top of for-loop
    %load/vec4 v0xac3063de0_0;
    %cmpi/s 11, 0, 32;
	  %jmp/0xz T_10.7, 5;
    %delay 20000, 0;
T_10.8 ; for-loop step statement
    %load/vec4 v0xac3063de0_0;
    %addi 1, 0, 32;
    %store/vec4 v0xac3063de0_0, 0, 32;
    %jmp T_10.6;
T_10.7 ; for-loop exit label
    %vpi_call/w 3 75 "$finish" {0 0 0};
    %end;
    .thread T_10;
# The file index is used to find the file name in the following table.
:file_names 5;
    "N/A";
    "<interactive>";
    "-";
    "fifo_tb.v";
    "fifo.v";
